# JRE version: OpenJDK Runtime Environment Microsoft-8035246 (17.0.8+7) (build 17.0.8+7-LTS)
# Java VM: OpenJDK 64-Bit Server VM Microsoft-8035246 (17.0.8+7-LTS, mixed mode, sharing, tiered, compressed oops, compressed class ptrs, g1 gc, windows-amd64)
GC Precious Log:
 CPUs: 4 total, 4 available
 Memory: 16106M
 Large Page Support: Disabled
 NUMA Support: Disabled
 Compressed Oops: Enabled (32-bit)
 Heap Region Size: 1M
 Heap Min Capacity: 8M
 Heap Initial Capacity: 252M
 Heap Max Capacity: 2G
 Pre-touch: Disabled
 Parallel Workers: 4
 Concurrent Workers: 1
 Concurrent Refinement Workers: 4
 Periodic GC: Disabled
Heap:
 garbage-first heap   total 347136K, used 244958K [0x0000000080000000, 0x0000000100000000)
  region size 1024K, 37 young (37888K), 2 survivors (2048K)
 Metaspace       used 102559K, committed 104000K, reserved 557056K
  class space    used 14115K, committed 14784K, reserved 425984K
GC Heap History (20 events):
Event: 1210.752 GC heap before
{Heap before GC invocations=98 (full 0):
 garbage-first heap   total 232448K, used 200663K [0x0000000080000000, 0x0000000100000000)
  region size 1024K, 17 young (17408K), 3 survivors (3072K)
 Metaspace       used 98735K, committed 99968K, reserved 557056K
  class space    used 13582K, committed 14144K, reserved 425984K
}
Event: 1210.758 GC heap after
{Heap after GC invocations=99 (full 0):
 garbage-first heap   total 232448K, used 188991K [0x0000000080000000, 0x0000000100000000)
  region size 1024K, 2 young (2048K), 2 survivors (2048K)
 Metaspace       used 98735K, committed 99968K, reserved 557056K
  class space    used 13582K, committed 14144K, reserved 425984K
}
Event: 1235.590 GC heap before
{Heap before GC invocations=99 (full 0):
 garbage-first heap   total 232448K, used 201279K [0x0000000080000000, 0x0000000100000000)
  region size 1024K, 14 young (14336K), 2 survivors (2048K)
 Metaspace       used 99293K, committed 100608K, reserved 557056K
  class space    used 13659K, committed 14272K, reserved 425984K
}
Event: 1235.600 GC heap after
{Heap after GC invocations=100 (full 0):
 garbage-first heap   total 232448K, used 190686K [0x0000000080000000, 0x0000000100000000)
  region size 1024K, 2 young (2048K), 2 survivors (2048K)
 Metaspace       used 99293K, committed 100608K, reserved 557056K
  class space    used 13659K, committed 14272K, reserved 425984K
}
Event: 1244.427 GC heap before
{Heap before GC invocations=100 (full 0):
 garbage-first heap   total 232448K, used 200926K [0x0000000080000000, 0x0000000100000000)
  region size 1024K, 13 young (13312K), 2 survivors (2048K)
 Metaspace       used 99317K, committed 100672K, reserved 557056K
  class space    used 13659K, committed 14272K, reserved 425984K
}
Event: 1244.436 GC heap after
{Heap after GC invocations=101 (full 0):
 garbage-first heap   total 232448K, used 191579K [0x0000000080000000, 0x0000000100000000)
  region size 1024K, 1 young (1024K), 1 survivors (1024K)
 Metaspace       used 99317K, committed 100672K, reserved 557056K
  class space    used 13659K, committed 14272K, reserved 425984K
}
Event: 1281.642 GC heap before
{Heap before GC invocations=101 (full 0):
 garbage-first heap   total 232448K, used 201819K [0x0000000080000000, 0x0000000100000000)
  region size 1024K, 12 young (12288K), 1 survivors (1024K)
 Metaspace       used 99319K, committed 100672K, reserved 557056K
  class space    used 13659K, committed 14272K, reserved 425984K
}
Event: 1281.666 GC heap after
{Heap after GC invocations=102 (full 0):
 garbage-first heap   total 232448K, used 192998K [0x0000000080000000, 0x0000000100000000)
  region size 1024K, 2 young (2048K), 2 survivors (2048K)
 Metaspace       used 99319K, committed 100672K, reserved 557056K
  class space    used 13659K, committed 14272K, reserved 425984K
}
Event: 1289.099 GC heap before
{Heap before GC invocations=102 (full 0):
 garbage-first heap   total 232448K, used 204262K [0x0000000080000000, 0x0000000100000000)
  region size 1024K, 12 young (12288K), 2 survivors (2048K)
 Metaspace       used 99342K, committed 100736K, reserved 557056K
  class space    used 13662K, committed 14272K, reserved 425984K
}
Event: 1289.110 GC heap after
{Heap after GC invocations=103 (full 0):
 garbage-first heap   total 232448K, used 196163K [0x0000000080000000, 0x0000000100000000)
  region size 1024K, 2 young (2048K), 2 survivors (2048K)
 Metaspace       used 99342K, committed 100736K, reserved 557056K
  class space    used 13662K, committed 14272K, reserved 425984K
}
Event: 1292.152 GC heap before
{Heap before GC invocations=103 (full 0):
 garbage-first heap   total 232448K, used 208451K [0x0000000080000000, 0x0000000100000000)
  region size 1024K, 11 young (11264K), 2 survivors (2048K)
 Metaspace       used 99977K, committed 101440K, reserved 557056K
  class space    used 13771K, committed 14400K, reserved 425984K
}
Event: 1292.160 GC heap after
{Heap after GC invocations=104 (full 0):
 garbage-first heap   total 232448K, used 202762K [0x0000000080000000, 0x0000000100000000)
  region size 1024K, 2 young (2048K), 2 survivors (2048K)
 Metaspace       used 99977K, committed 101440K, reserved 557056K
  class space    used 13771K, committed 14400K, reserved 425984K
}
Event: 1293.858 GC heap before
{Heap before GC invocations=104 (full 0):
 garbage-first heap   total 232448K, used 211978K [0x0000000080000000, 0x0000000100000000)
  region size 1024K, 11 young (11264K), 2 survivors (2048K)
 Metaspace       used 100857K, committed 102336K, reserved 557056K
  class space    used 13889K, committed 14528K, reserved 425984K
}
Event: 1293.869 GC heap after
{Heap after GC invocations=105 (full 0):
 garbage-first heap   total 232448K, used 203545K [0x0000000080000000, 0x0000000100000000)
  region size 1024K, 1 young (1024K), 1 survivors (1024K)
 Metaspace       used 100857K, committed 102336K, reserved 557056K
  class space    used 13889K, committed 14528K, reserved 425984K
}
Event: 1297.777 GC heap before
{Heap before GC invocations=105 (full 0):
 garbage-first heap   total 232448K, used 213785K [0x0000000080000000, 0x0000000100000000)
  region size 1024K, 11 young (11264K), 1 survivors (1024K)
 Metaspace       used 101486K, committed 102912K, reserved 557056K
  class space    used 13963K, committed 14592K, reserved 425984K
}
Event: 1297.803 GC heap after
{Heap after GC invocations=106 (full 0):
 garbage-first heap   total 232448K, used 204663K [0x0000000080000000, 0x0000000100000000)
  region size 1024K, 2 young (2048K), 2 survivors (2048K)
 Metaspace       used 101486K, committed 102912K, reserved 557056K
  class space    used 13963K, committed 14592K, reserved 425984K
}
Event: 1313.705 GC heap before
{Heap before GC invocations=107 (full 0):
 garbage-first heap   total 347136K, used 218999K [0x0000000080000000, 0x0000000100000000)
  region size 1024K, 16 young (16384K), 2 survivors (2048K)
 Metaspace       used 102329K, committed 103808K, reserved 557056K
  class space    used 14082K, committed 14720K, reserved 425984K
}
Event: 1313.723 GC heap after
{Heap after GC invocations=108 (full 0):
 garbage-first heap   total 347136K, used 206638K [0x0000000080000000, 0x0000000100000000)
  region size 1024K, 2 young (2048K), 2 survivors (2048K)
 Metaspace       used 102329K, committed 103808K, reserved 557056K
  class space    used 14082K, committed 14720K, reserved 425984K
}
Event: 1341.674 GC heap before
{Heap before GC invocations=108 (full 0):
 garbage-first heap   total 347136K, used 220974K [0x0000000080000000, 0x0000000100000000)
  region size 1024K, 16 young (16384K), 2 survivors (2048K)
 Metaspace       used 102353K, committed 103808K, reserved 557056K
  class space    used 14082K, committed 14720K, reserved 425984K
}
Event: 1341.693 GC heap after
{Heap after GC invocations=109 (full 0):
 garbage-first heap   total 347136K, used 206046K [0x0000000080000000, 0x0000000100000000)
  region size 1024K, 2 young (2048K), 2 survivors (2048K)
 Metaspace       used 102353K, committed 103808K, reserved 557056K
  class space    used 14082K, committed 14720K, reserved 425984K
}

